This is pdfTeX, Version 3.14159265-2.6-1.40.20 (TeX Live 2019/Debian) (preloaded format=pdflatex 2021.9.4)  24 JAN 2022 22:30
entering extended mode
 restricted \write18 enabled.
 file:line:error style messages enabled.
 %&-line parsing enabled.
**"/home/dquesada/Documents/Proyectos/Proyecto Final SRI/InformedeEntrega/InformePFSRI/seminario.tex"
(/home/dquesada/Documents/Proyectos/Proyecto Final SRI/InformedeEntrega/InformePFSRI/seminario.tex
LaTeX2e <2020-02-02> patch level 2
L3 programming layer <2020-02-14> (/home/dquesada/Documents/Proyectos/Proyecto Final SRI/InformedeEntrega/InformePFSRI/llncs.cls
Document Class: llncs 2013/09/27 v2.18 
 LaTeX document class for Lecture Notes in Computer Science
(/usr/share/texlive/texmf-dist/tex/latex/base/article.cls
Document Class: article 2019/12/20 v1.4l Standard LaTeX document class
(/usr/share/texlive/texmf-dist/tex/latex/base/size10.clo
File: size10.clo 2019/12/20 v1.4l Standard LaTeX file (size option)
)
\c@part=\count167
\c@section=\count168
\c@subsection=\count169
\c@subsubsection=\count170
\c@paragraph=\count171
\c@subparagraph=\count172
\c@figure=\count173
\c@table=\count174
\abovecaptionskip=\skip47
\belowcaptionskip=\skip48
\bibindent=\dimen134
) (/usr/share/texlive/texmf-dist/tex/latex/tools/multicol.sty
Package: multicol 2019/12/09 v1.8y multicolumn formatting (FMi)
\c@tracingmulticols=\count175
\mult@box=\box45
\multicol@leftmargin=\dimen135
\c@unbalance=\count176
\c@collectmore=\count177
\doublecol@number=\count178
\multicoltolerance=\count179
\multicolpretolerance=\count180
\full@width=\dimen136
\page@free=\dimen137
\premulticols=\dimen138
\postmulticols=\dimen139
\multicolsep=\skip49
\multicolbaselineskip=\skip50
\partial@page=\box46
\last@line=\box47
\maxbalancingoverflow=\dimen140
\mult@rightbox=\box48
\mult@grightbox=\box49
\mult@gfirstbox=\box50
\mult@firstbox=\box51
\@tempa=\box52
\@tempa=\box53
\@tempa=\box54
\@tempa=\box55
\@tempa=\box56
\@tempa=\box57
\@tempa=\box58
\@tempa=\box59
\@tempa=\box60
\@tempa=\box61
\@tempa=\box62
\@tempa=\box63
\@tempa=\box64
\@tempa=\box65
\@tempa=\box66
\@tempa=\box67
\@tempa=\box68
\@tempa=\box69
\@tempa=\box70
\@tempa=\box71
\@tempa=\box72
\@tempa=\box73
\@tempa=\box74
\@tempa=\box75
\@tempa=\box76
\@tempa=\box77
\@tempa=\box78
\@tempa=\box79
\@tempa=\box80
\@tempa=\box81
\@tempa=\box82
\@tempa=\box83
\@tempa=\box84
\@tempa=\box85
\@tempa=\box86
\@tempa=\box87
\@tempa=\box88
\c@minrows=\count181
\c@columnbadness=\count182
\c@finalcolumnbadness=\count183
\last@try=\dimen141
\multicolovershoot=\dimen142
\multicolundershoot=\dimen143
\mult@nat@firstbox=\box89
\colbreak@box=\box90
\mc@col@check@num=\count184
) (/usr/share/texlive/texmf-dist/tex/latex/oberdiek/aliascnt.sty
Package: aliascnt 2018/09/07 v1.5 Alias counters (HO)
)
\c@chapter=\count185
LaTeX Font Info:    Redeclaring math symbol \Gamma on input line 362.
LaTeX Font Info:    Redeclaring math symbol \Delta on input line 363.
LaTeX Font Info:    Redeclaring math symbol \Theta on input line 364.
LaTeX Font Info:    Redeclaring math symbol \Lambda on input line 365.
LaTeX Font Info:    Redeclaring math symbol \Xi on input line 366.
LaTeX Font Info:    Redeclaring math symbol \Pi on input line 367.
LaTeX Font Info:    Redeclaring math symbol \Sigma on input line 368.
LaTeX Font Info:    Redeclaring math symbol \Upsilon on input line 369.
LaTeX Font Info:    Redeclaring math symbol \Phi on input line 370.
LaTeX Font Info:    Redeclaring math symbol \Psi on input line 371.
LaTeX Font Info:    Redeclaring math symbol \Omega on input line 372.
\tocchpnum=\dimen144
\tocsecnum=\dimen145
\tocsectotal=\dimen146
\tocsubsecnum=\dimen147
\tocsubsectotal=\dimen148
\tocsubsubsecnum=\dimen149
\tocsubsubsectotal=\dimen150
\tocparanum=\dimen151
\tocparatotal=\dimen152
\tocsubparanum=\dimen153
\@tempcntc=\count186
\fnindent=\dimen154
\c@@inst=\count187
\c@@auth=\count188
\c@auco=\count189
\instindent=\dimen155
\authrun=\box91
\authorrunning=\toks14
\tocauthor=\toks15
\titrun=\box92
\titlerunning=\toks16
\toctitle=\toks17
\c@theorem=\count190
\c@case=\count191
\c@conjecture=\count192
\c@corollary=\count193
\c@definition=\count194
\c@example=\count195
\c@exercise=\count196
\c@lemma=\count197
\c@note=\count198
\c@problem=\count199
\c@property=\count266
\c@proposition=\count267
\c@question=\count268
\c@solution=\count269
\c@remark=\count270
\headlineindent=\dimen156
) (/usr/share/texlive/texmf-dist/tex/latex/hyperref/hyperref.sty
Package: hyperref 2020/01/14 v7.00d Hypertext links for LaTeX
 (/usr/share/texlive/texmf-dist/tex/generic/ltxcmds/ltxcmds.sty
Package: ltxcmds 2019/12/15 v1.24 LaTeX kernel commands for general use (HO)
) (/usr/share/texlive/texmf-dist/tex/generic/iftex/iftex.sty
Package: iftex 2019/11/07 v1.0c TeX engine tests
) (/usr/share/texlive/texmf-dist/tex/latex/pdftexcmds/pdftexcmds.sty
Package: pdftexcmds 2019/11/24 v0.31 Utility functions of pdfTeX for LuaTeX (HO)
 (/usr/share/texlive/texmf-dist/tex/generic/infwarerr/infwarerr.sty
Package: infwarerr 2019/12/03 v1.5 Providing info/warning/error messages (HO)
)
Package pdftexcmds Info: \pdf@primitive is available.
Package pdftexcmds Info: \pdf@ifprimitive is available.
Package pdftexcmds Info: \pdfdraftmode found.
) (/usr/share/texlive/texmf-dist/tex/latex/graphics/keyval.sty
Package: keyval 2014/10/28 v1.15 key=value parser (DPC)
\KV@toks@=\toks18
) (/usr/share/texlive/texmf-dist/tex/generic/kvsetkeys/kvsetkeys.sty
Package: kvsetkeys 2019/12/15 v1.18 Key value parser (HO)
) (/usr/share/texlive/texmf-dist/tex/generic/kvdefinekeys/kvdefinekeys.sty
Package: kvdefinekeys 2019-12-19 v1.6 Define keys (HO)
) (/usr/share/texlive/texmf-dist/tex/generic/pdfescape/pdfescape.sty
Package: pdfescape 2019/12/09 v1.15 Implements pdfTeX's escape features (HO)
) (/usr/share/texlive/texmf-dist/tex/latex/hycolor/hycolor.sty
Package: hycolor 2020-01-27 v1.10 Color options for hyperref/bookmark (HO)
) (/usr/share/texlive/texmf-dist/tex/latex/letltxmacro/letltxmacro.sty
Package: letltxmacro 2019/12/03 v1.6 Let assignment for LaTeX macros (HO)
) (/usr/share/texlive/texmf-dist/tex/latex/auxhook/auxhook.sty
Package: auxhook 2019-12-17 v1.6 Hooks for auxiliary files (HO)
) (/usr/share/texlive/texmf-dist/tex/latex/kvoptions/kvoptions.sty
Package: kvoptions 2019/11/29 v3.13 Key value format for package options (HO)
)
\@linkdim=\dimen157
\Hy@linkcounter=\count271
\Hy@pagecounter=\count272
 (/usr/share/texlive/texmf-dist/tex/latex/hyperref/pd1enc.def
File: pd1enc.def 2020/01/14 v7.00d Hyperref: PDFDocEncoding definition (HO)
Now handling font encoding PD1 ...
... no UTF-8 mapping file for font encoding PD1
) (/usr/share/texlive/texmf-dist/tex/generic/intcalc/intcalc.sty
Package: intcalc 2019/12/15 v1.3 Expandable calculations with integers (HO)
) (/usr/share/texlive/texmf-dist/tex/generic/etexcmds/etexcmds.sty
Package: etexcmds 2019/12/15 v1.7 Avoid name clashes with e-TeX commands (HO)
)
\Hy@SavedSpaceFactor=\count273
\pdfmajorversion=\count274
Package hyperref Info: Hyper figures OFF on input line 4547.
Package hyperref Info: Link nesting OFF on input line 4552.
Package hyperref Info: Hyper index ON on input line 4555.
Package hyperref Info: Plain pages OFF on input line 4562.
Package hyperref Info: Backreferencing OFF on input line 4567.
Package hyperref Info: Implicit mode ON; LaTeX internals redefined.
Package hyperref Info: Bookmarks ON on input line 4800.
\c@Hy@tempcnt=\count275
 (/usr/share/texlive/texmf-dist/tex/latex/url/url.sty
\Urlmuskip=\muskip16
Package: url 2013/09/16  ver 3.4  Verb mode for urls, etc.
)
LaTeX Info: Redefining \url on input line 5159.
\XeTeXLinkMargin=\dimen158
 (/usr/share/texlive/texmf-dist/tex/generic/bitset/bitset.sty
Package: bitset 2019/12/09 v1.3 Handle bit-vector datatype (HO)
 (/usr/share/texlive/texmf-dist/tex/generic/bigintcalc/bigintcalc.sty
Package: bigintcalc 2019/12/15 v1.5 Expandable calculations on big integers (HO)
))
\Fld@menulength=\count276
\Field@Width=\dimen159
\Fld@charsize=\dimen160
Package hyperref Info: Hyper figures OFF on input line 6430.
Package hyperref Info: Link nesting OFF on input line 6435.
Package hyperref Info: Hyper index ON on input line 6438.
Package hyperref Info: backreferencing OFF on input line 6445.
Package hyperref Info: Link coloring OFF on input line 6450.
Package hyperref Info: Link coloring with OCG OFF on input line 6455.
Package hyperref Info: PDF/A mode OFF on input line 6460.
LaTeX Info: Redefining \ref on input line 6500.
LaTeX Info: Redefining \pageref on input line 6504.
 (/usr/share/texlive/texmf-dist/tex/generic/atbegshi/atbegshi.sty
Package: atbegshi 2019/12/05 v1.19 At begin shipout hook (HO)
)
\Hy@abspage=\count277
\c@Item=\count278
\c@Hfootnote=\count279
)
Package hyperref Info: Driver (autodetected): hpdftex.
 (/usr/share/texlive/texmf-dist/tex/latex/hyperref/hpdftex.def
File: hpdftex.def 2020/01/14 v7.00d Hyperref driver for pdfTeX
 (/usr/share/texlive/texmf-dist/tex/latex/atveryend/atveryend.sty
Package: atveryend 2019-12-11 v1.11 Hooks at the very end of document (HO)
Package atveryend Info: \enddocument detected (standard20110627).
)
\Fld@listcount=\count280
\c@bookmark@seq@number=\count281
 (/usr/share/texlive/texmf-dist/tex/latex/rerunfilecheck/rerunfilecheck.sty
Package: rerunfilecheck 2019/12/05 v1.9 Rerun checks for auxiliary files (HO)
 (/usr/share/texlive/texmf-dist/tex/generic/uniquecounter/uniquecounter.sty
Package: uniquecounter 2019/12/15 v1.4 Provide unlimited unique counter (HO)
)
Package uniquecounter Info: New unique counter `rerunfilecheck' on input line 286.
)
\Hy@SectionHShift=\skip51
)
Package hyperref Info: Option `colorlinks' set `true' on input line 10.
 (/usr/share/texlive/texmf-dist/tex/latex/base/makeidx.sty
Package: makeidx 2014/09/29 v1.0m Standard LaTeX package
) (/usr/share/texlive/texmf-dist/tex/latex/amsmath/amsmath.sty
Package: amsmath 2020/01/20 v2.17e AMS math features
\@mathmargin=\skip52

For additional information on amsmath, use the `?' option.
(/usr/share/texlive/texmf-dist/tex/latex/amsmath/amstext.sty
Package: amstext 2000/06/29 v2.01 AMS text
 (/usr/share/texlive/texmf-dist/tex/latex/amsmath/amsgen.sty
File: amsgen.sty 1999/11/30 v2.0 generic functions
\@emptytoks=\toks19
\ex@=\dimen161
)) (/usr/share/texlive/texmf-dist/tex/latex/amsmath/amsbsy.sty
Package: amsbsy 1999/11/29 v1.2d Bold Symbols
\pmbraise@=\dimen162
) (/usr/share/texlive/texmf-dist/tex/latex/amsmath/amsopn.sty
Package: amsopn 2016/03/08 v2.02 operator names
)
\inf@bad=\count282
LaTeX Info: Redefining \frac on input line 227.
\uproot@=\count283
\leftroot@=\count284
LaTeX Info: Redefining \overline on input line 389.
\classnum@=\count285
\DOTSCASE@=\count286
LaTeX Info: Redefining \ldots on input line 486.
LaTeX Info: Redefining \dots on input line 489.
LaTeX Info: Redefining \cdots on input line 610.
\Mathstrutbox@=\box93
\strutbox@=\box94
\big@size=\dimen163
LaTeX Font Info:    Redeclaring font encoding OML on input line 733.
LaTeX Font Info:    Redeclaring font encoding OMS on input line 734.
\macc@depth=\count287
\c@MaxMatrixCols=\count288
\dotsspace@=\muskip17
\c@parentequation=\count289
\dspbrk@lvl=\count290
\tag@help=\toks20
\row@=\count291
\column@=\count292
\maxfields@=\count293
\andhelp@=\toks21
\eqnshift@=\dimen164
\alignsep@=\dimen165
\tagshift@=\dimen166
\tagwidth@=\dimen167
\totwidth@=\dimen168
\lineht@=\dimen169
\@envbody=\toks22
\multlinegap=\skip53
\multlinetaggap=\skip54
\mathdisplay@stack=\toks23
LaTeX Info: Redefining \[ on input line 2859.
LaTeX Info: Redefining \] on input line 2860.
) (/usr/share/texlive/texmf-dist/tex/latex/amsfonts/amsfonts.sty
Package: amsfonts 2013/01/14 v3.01 Basic AMSFonts support
\symAMSa=\mathgroup4
\symAMSb=\mathgroup5
LaTeX Font Info:    Redeclaring math symbol \hbar on input line 98.
LaTeX Font Info:    Overwriting math alphabet `\mathfrak' in version `bold'
(Font)                  U/euf/m/n --> U/euf/b/n on input line 106.
) (/usr/share/texlive/texmf-dist/tex/latex/amsfonts/amssymb.sty
Package: amssymb 2013/01/14 v3.01 AMS font symbols
) (/usr/share/texlive/texmf-dist/tex/latex/listings/listings.sty
\lst@mode=\count294
\lst@gtempboxa=\box95
\lst@token=\toks24
\lst@length=\count295
\lst@currlwidth=\dimen170
\lst@column=\count296
\lst@pos=\count297
\lst@lostspace=\dimen171
\lst@width=\dimen172
\lst@newlines=\count298
\lst@lineno=\count299
\lst@maxwidth=\dimen173
 (/usr/share/texlive/texmf-dist/tex/latex/listings/lstmisc.sty
File: lstmisc.sty 2019/09/10 1.8c (Carsten Heinz)
\c@lstnumber=\count300
\lst@skipnumbers=\count301
\lst@framebox=\box96
) (/usr/share/texlive/texmf-dist/tex/latex/listings/listings.cfg
File: listings.cfg 2019/09/10 1.8c listings configuration
))
Package: listings 2019/09/10 1.8c (Carsten Heinz)
 (/usr/share/texlive/texmf-dist/tex/latex/graphics/graphicx.sty
Package: graphicx 2019/11/30 v1.2a Enhanced LaTeX Graphics (DPC,SPQR)
 (/usr/share/texlive/texmf-dist/tex/latex/graphics/graphics.sty
Package: graphics 2019/11/30 v1.4a Standard LaTeX Graphics (DPC,SPQR)
 (/usr/share/texlive/texmf-dist/tex/latex/graphics/trig.sty
Package: trig 2016/01/03 v1.10 sin cos tan (DPC)
) (/usr/share/texlive/texmf-dist/tex/latex/graphics-cfg/graphics.cfg
File: graphics.cfg 2016/06/04 v1.11 sample graphics configuration
)
Package graphics Info: Driver file: pdftex.def on input line 105.
 (/usr/share/texlive/texmf-dist/tex/latex/graphics-def/pdftex.def
File: pdftex.def 2018/01/08 v1.0l Graphics/color driver for pdftex
))
\Gin@req@height=\dimen174
\Gin@req@width=\dimen175
) (/usr/share/texlive/texmf-dist/tex/latex/sidecap/sidecap.sty
Package: sidecap 2003/06/06 v1.6f SideCap Package (RN/HjG)
 (/usr/share/texlive/texmf-dist/tex/latex/base/ifthen.sty
Package: ifthen 2014/09/29 v1.1c Standard LaTeX ifthen package (DPC)
)
\SC@BOXWD=\dimen176
\SC@CAPWD=\dimen177
\SC@tempdima=\dimen178
\SC@tempdimb=\dimen179
\c@SC@C=\count302
\SC@BOX=\box97
) (/home/dquesada/Documents/Proyectos/Proyecto Final SRI/InformedeEntrega/InformePFSRI/pythonhighlight.sty
Package: pythonhighlight 2011/09/19 python code highlighting; provided by Olivier Verdier <olivier.verdier@gmail.com>
 (/usr/share/texlive/texmf-dist/tex/latex/xcolor/xcolor.sty
Package: xcolor 2016/05/11 v2.12 LaTeX color extensions (UK)
 (/usr/share/texlive/texmf-dist/tex/latex/graphics-cfg/color.cfg
File: color.cfg 2016/01/02 v1.6 sample color configuration
)
Package xcolor Info: Driver file: pdftex.def on input line 225.
Package xcolor Info: Model `cmy' substituted by `cmy0' on input line 1348.
Package xcolor Info: Model `hsb' substituted by `rgb' on input line 1352.
Package xcolor Info: Model `RGB' extended on input line 1364.
Package xcolor Info: Model `HTML' substituted by `rgb' on input line 1366.
Package xcolor Info: Model `Hsb' substituted by `hsb' on input line 1367.
Package xcolor Info: Model `tHsb' substituted by `hsb' on input line 1368.
Package xcolor Info: Model `HSB' substituted by `hsb' on input line 1369.
Package xcolor Info: Model `Gray' substituted by `gray' on input line 1370.
Package xcolor Info: Model `wave' substituted by `hsb' on input line 1371.
)) (/usr/share/texlive/texmf-dist/tex/latex/l3backend/l3backend-pdfmode.def
File: l3backend-pdfmode.def 2020-02-03 L3 backend support: PDF mode
\l__kernel_color_stack_int=\count303
\l__pdf_internal_box=\box98
) (/home/dquesada/Documents/Proyectos/Proyecto Final SRI/InformedeEntrega/InformePFSRI/seminario.aux

LaTeX Warning: Label `2rab' multiply defined.

)
\openout1 = `seminario.aux'.

LaTeX Font Info:    Checking defaults for OML/cmm/m/it on input line 22.
LaTeX Font Info:    ... okay on input line 22.
LaTeX Font Info:    Checking defaults for OMS/cmsy/m/n on input line 22.
LaTeX Font Info:    ... okay on input line 22.
LaTeX Font Info:    Checking defaults for OT1/cmr/m/n on input line 22.
LaTeX Font Info:    ... okay on input line 22.
LaTeX Font Info:    Checking defaults for T1/cmr/m/n on input line 22.
LaTeX Font Info:    ... okay on input line 22.
LaTeX Font Info:    Checking defaults for TS1/cmr/m/n on input line 22.
LaTeX Font Info:    ... okay on input line 22.
LaTeX Font Info:    Checking defaults for OMX/cmex/m/n on input line 22.
LaTeX Font Info:    ... okay on input line 22.
LaTeX Font Info:    Checking defaults for U/cmr/m/n on input line 22.
LaTeX Font Info:    ... okay on input line 22.
LaTeX Font Info:    Checking defaults for PD1/pdf/m/n on input line 22.
LaTeX Font Info:    ... okay on input line 22.
\AtBeginShipoutBox=\box99
Package hyperref Info: Link coloring ON on input line 22.
 (/usr/share/texlive/texmf-dist/tex/latex/hyperref/nameref.sty
Package: nameref 2019/09/16 v2.46 Cross-referencing by name of section
 (/usr/share/texlive/texmf-dist/tex/latex/refcount/refcount.sty
Package: refcount 2019/12/15 v3.6 Data extraction from label references (HO)
) (/usr/share/texlive/texmf-dist/tex/generic/gettitlestring/gettitlestring.sty
Package: gettitlestring 2019/12/15 v1.6 Cleanup title references (HO)
)
\c@section@level=\count304
)
LaTeX Info: Redefining \ref on input line 22.
LaTeX Info: Redefining \pageref on input line 22.
LaTeX Info: Redefining \nameref on input line 22.
 (/home/dquesada/Documents/Proyectos/Proyecto Final SRI/InformedeEntrega/InformePFSRI/seminario.out) (/home/dquesada/Documents/Proyectos/Proyecto Final SRI/InformedeEntrega/InformePFSRI/seminario.out)
\@outlinefile=\write3
\openout3 = `seminario.out'.

\c@lstlisting=\count305
 (/usr/share/texlive/texmf-dist/tex/context/base/mkii/supp-pdf.mkii
[Loading MPS to PDF converter (version 2006.09.02).]
\scratchcounter=\count306
\scratchdimen=\dimen180
\scratchbox=\box100
\nofMPsegments=\count307
\nofMParguments=\count308
\everyMPshowfont=\toks25
\MPscratchCnt=\count309
\MPscratchDim=\dimen181
\MPnumerator=\count310
\makeMPintoPDFobject=\count311
\everyMPtoPDFconversion=\toks26
) (/usr/share/texlive/texmf-dist/tex/latex/epstopdf-pkg/epstopdf-base.sty
Package: epstopdf-base 2020-01-24 v2.11 Base part for package epstopdf
Package epstopdf-base Info: Redefining graphics rule for `.eps' on input line 485.
 (/usr/share/texlive/texmf-dist/tex/latex/latexconfig/epstopdf-sys.cfg
File: epstopdf-sys.cfg 2010/07/13 v1.3 Configuration of (r)epstopdf for TeX Live
)) (/usr/share/texlive/texmf-dist/tex/latex/ragged2e/ragged2e.sty
Package: ragged2e 2019/07/28 v2.2 ragged2e Package (MS)
 (/usr/share/texlive/texmf-dist/tex/latex/ms/everysel.sty
Package: everysel 2011/10/28 v1.2 EverySelectfont Package (MS)
 ABD: EverySelectfont initializing macros
LaTeX Info: Redefining \selectfont on input line 126.
)
\CenteringLeftskip=\skip55
\RaggedLeftLeftskip=\skip56
\RaggedRightLeftskip=\skip57
\CenteringRightskip=\skip58
\RaggedLeftRightskip=\skip59
\RaggedRightRightskip=\skip60
\CenteringParfillskip=\skip61
\RaggedLeftParfillskip=\skip62
\RaggedRightParfillskip=\skip63
\JustifyingParfillskip=\skip64
\CenteringParindent=\skip65
\RaggedLeftParindent=\skip66
\RaggedRightParindent=\skip67
\JustifyingParindent=\skip68
)
LaTeX Font Info:    Trying to load font information for U+msa on input line 33.
 (/usr/share/texlive/texmf-dist/tex/latex/amsfonts/umsa.fd
File: umsa.fd 2013/01/14 v3.01 AMS symbols A
)
LaTeX Font Info:    Trying to load font information for U+msb on input line 33.
 (/usr/share/texlive/texmf-dist/tex/latex/amsfonts/umsb.fd
File: umsb.fd 2013/01/14 v3.01 AMS symbols B
) [1

{/var/lib/texmf/fonts/map/pdftex/updmap/pdftex.map}] (/home/dquesada/Documents/Proyectos/Proyecto Final SRI/InformedeEntrega/InformePFSRI/seminario.toc)
\tf@toc=\write4
\openout4 = `seminario.toc'.

 [2

]
Underfull \hbox (badness 10000) in paragraph at lines 53--55

 []

(/usr/share/texlive/texmf-dist/tex/latex/listings/lstlang1.sty
File: lstlang1.sty 2019/09/10 1.8c listings language file
)
Underfull \hbox (badness 10000) in paragraph at lines 56--63

 []


Underfull \hbox (badness 10000) in paragraph at lines 56--63

 []


Underfull \hbox (badness 10000) in paragraph at lines 56--63

 []

[3

]
Underfull \hbox (badness 10000) in paragraph at lines 74--81

 []

LaTeX Font Info:    Font shape `OT1/cmtt/bx/n' in size <9> not available
(Font)              Font shape `OT1/cmtt/m/n' tried instead on input line 89.
[4

]
<./images/englis_stopwords_nltk.png, id=138, 718.93594pt x 352.31625pt>
File: ./images/englis_stopwords_nltk.png Graphic file (type png)
<use ./images/englis_stopwords_nltk.png>
Package pdftex.def Info: ./images/englis_stopwords_nltk.png  used on input line 145.
(pdftex.def)             Requested size: 215.68245pt x 105.69568pt.
<./images/stemming1png.png, id=139, 296.60812pt x 210.7875pt>
File: ./images/stemming1png.png Graphic file (type png)
<use ./images/stemming1png.png>
Package pdftex.def Info: ./images/stemming1png.png  used on input line 169.
(pdftex.def)             Requested size: 88.98311pt x 63.23672pt.
<./images/stemming2png.png, id=140, 176.91093pt x 83.5622pt>
File: ./images/stemming2png.png Graphic file (type png)
<use ./images/stemming2png.png>
Package pdftex.def Info: ./images/stemming2png.png  used on input line 170.
(pdftex.def)             Requested size: 123.83679pt x 58.49312pt.

Underfull \hbox (badness 10000) in paragraph at lines 174--179

 []

[5 <./images/englis_stopwords_nltk.png (PNG copy)>] [6 <./images/stemming1png.png (PNG copy)> <./images/stemming2png.png (PNG copy)>]
Underfull \hbox (badness 10000) in paragraph at lines 223--232

 []


Underfull \hbox (badness 10000) in paragraph at lines 239--243

 []

[7] [8]
Underfull \hbox (badness 10000) in paragraph at lines 354--389

 []


Underfull \hbox (badness 10000) in paragraph at lines 354--389

 []


Underfull \hbox (badness 10000) in paragraph at lines 354--389

 []


Underfull \hbox (badness 10000) in paragraph at lines 354--389

 []


Underfull \hbox (badness 10000) in paragraph at lines 354--389

 []


Underfull \hbox (badness 10000) in paragraph at lines 354--389

 []


Underfull \hbox (badness 10000) in paragraph at lines 354--389

 []


Underfull \hbox (badness 10000) in paragraph at lines 354--389

 []


Underfull \hbox (badness 10000) in paragraph at lines 354--389

 []


Underfull \hbox (badness 10000) in paragraph at lines 354--389

 []


Underfull \hbox (badness 10000) in paragraph at lines 354--389

 []

[9]
Overfull \hbox (2.2077pt too wide) in paragraph at lines 390--391
[][] 
 []

[10]
Underfull \hbox (badness 10000) in paragraph at lines 434--439

 []


Underfull \hbox (badness 10000) in paragraph at lines 434--439

 []


Underfull \hbox (badness 10000) in paragraph at lines 448--451

 []


Underfull \hbox (badness 10000) in paragraph at lines 448--451

 []


Underfull \hbox (badness 10000) in paragraph at lines 457--460

 []


Underfull \hbox (badness 10000) in paragraph at lines 457--460

 []


Underfull \hbox (badness 10000) in paragraph at lines 466--489

 []


Underfull \hbox (badness 10000) in paragraph at lines 466--489

 []


Underfull \hbox (badness 10000) in paragraph at lines 466--489

 []


Underfull \hbox (badness 10000) in paragraph at lines 466--489

 []

[11]
Underfull \hbox (badness 10000) in paragraph at lines 514--520

 []


Underfull \hbox (badness 10000) in paragraph at lines 514--520

 []

<./images/ejemplosim.png, id=310, 260.47313pt x 225.09094pt>
File: ./images/ejemplosim.png Graphic file (type png)
<use ./images/ejemplosim.png>
Package pdftex.def Info: ./images/ejemplosim.png  used on input line 523.
(pdftex.def)             Requested size: 130.23624pt x 112.54518pt.

Underfull \hbox (badness 10000) in paragraph at lines 524--524
[][]\OT1/cmr/bx/n/9 .
 []


Underfull \hbox (badness 10000) in paragraph at lines 524--524
[]|\OT1/cmr/m/n/9 Visualizaci^^Son
 []


Overfull \hbox (33.63986pt too wide) in paragraph at lines 526--531
[]\OT1/cmr/m/n/10 Para cal-cu-lar la simil-i-tud hace-mos $\OML/cmm/m/it/10 sim[] \OT1/cmr/m/n/10 = \OML/cmm/m/it/10 cos^^R \OT1/cmr/m/n/10 = [] = []$ 
 []

[12] [13 <./images/ejemplosim.png (PNG copy)>]
Underfull \hbox (badness 10000) in paragraph at lines 593--602

 []


Underfull \hbox (badness 10000) in paragraph at lines 603--623

 []


Underfull \hbox (badness 10000) in paragraph at lines 603--623

 []


Underfull \hbox (badness 10000) in paragraph at lines 603--623

 []


Underfull \hbox (badness 10000) in paragraph at lines 603--623

 []


Underfull \hbox (badness 10000) in paragraph at lines 603--623

 []

[14]
Underfull \hbox (badness 10000) in paragraph at lines 649--654

 []


Underfull \hbox (badness 10000) in paragraph at lines 676--677

 []

[15]
Underfull \hbox (badness 10000) in paragraph at lines 689--692

 []

<./images/ui_tex_search.png, id=407, 646.66594pt x 453.94594pt>
File: ./images/ui_tex_search.png Graphic file (type png)
<use ./images/ui_tex_search.png>
Package pdftex.def Info: ./images/ui_tex_search.png  used on input line 742.
(pdftex.def)             Requested size: 181.06522pt x 127.10399pt.
<./images/ui_uploadsearch.png, id=408, 646.66594pt x 453.94594pt>
File: ./images/ui_uploadsearch.png Graphic file (type png)
<use ./images/ui_uploadsearch.png>
Package pdftex.def Info: ./images/ui_uploadsearch.png  used on input line 743.
(pdftex.def)             Requested size: 181.06522pt x 127.10399pt.

Overfull \hbox (59.10791pt too wide) in paragraph at lines 744--744
[][]\OT1/cmr/bx/n/9 .
 []


Overfull \hbox (60.45319pt too wide) in paragraph at lines 744--744
[]|\OT1/cmr/m/n/9 Interfaz
 []


Overfull \hbox (47.34705pt too wide) in paragraph at lines 744--744
\OT1/cmr/m/n/9 para
 []


Overfull \hbox (50.94771pt too wide) in paragraph at lines 744--744
\OT1/cmr/m/n/9 hacer
 []


Overfull \hbox (70.81425pt too wide) in paragraph at lines 744--744
\OT1/cmr/m/n/9 b^^Susquedas| 
 []

<./images/ui_notfouund.png, id=409, 646.66594pt x 453.94594pt>
File: ./images/ui_notfouund.png Graphic file (type png)
<use ./images/ui_notfouund.png>
Package pdftex.def Info: ./images/ui_notfouund.png  used on input line 754.
(pdftex.def)             Requested size: 181.06522pt x 127.10399pt.
[16]
<./images/ui_search_result.png, id=431, 646.66594pt x 700.11563pt>
File: ./images/ui_search_result.png Graphic file (type png)
<use ./images/ui_search_result.png>
Package pdftex.def Info: ./images/ui_search_result.png  used on input line 766.
(pdftex.def)             Requested size: 181.06522pt x 196.03104pt.
<./images/ui_tex_download.png, id=432, 618.81187pt x 155.83218pt>
File: ./images/ui_tex_download.png Graphic file (type png)
<use ./images/ui_tex_download.png>
Package pdftex.def Info: ./images/ui_tex_download.png  used on input line 767.
(pdftex.def)             Requested size: 173.26614pt x 43.6327pt.
<./images/file_downloaded.png, id=433, 209.28188pt x 82.80937pt>
File: ./images/file_downloaded.png Graphic file (type png)
<use ./images/file_downloaded.png>
Package pdftex.def Info: ./images/file_downloaded.png  used on input line 768.
(pdftex.def)             Requested size: 58.59851pt x 23.18646pt.

Overfull \hbox (113.24068pt too wide) in paragraph at lines 769--769
[][]\OT1/cmr/bx/n/9 .
 []


Overfull \hbox (83.47299pt too wide) in paragraph at lines 769--769
[]|| 
 []

<./images/top_10_sear.png, id=434, 572.89032pt x 633.11531pt>
File: ./images/top_10_sear.png Graphic file (type png)
<use ./images/top_10_sear.png>
Package pdftex.def Info: ./images/top_10_sear.png  used on input line 773.
(pdftex.def)             Requested size: 160.40819pt x 177.27107pt.
<./images/top_10.png, id=435, 570.63188pt x 42.1575pt>
File: ./images/top_10.png Graphic file (type png)
<use ./images/top_10.png>
Package pdftex.def Info: ./images/top_10.png  used on input line 774.
(pdftex.def)             Requested size: 159.77583pt x 11.804pt.
<./images/top10_2.png, id=436, 572.1375pt x 629.35126pt>
File: ./images/top10_2.png Graphic file (type png)
<use ./images/top10_2.png>
Package pdftex.def Info: ./images/top10_2.png  used on input line 775.
(pdftex.def)             Requested size: 160.1974pt x 176.21715pt.

Overfull \hbox (180.69223pt too wide) in paragraph at lines 776--776
[][]\OT1/cmr/bx/n/9 .
 []


Overfull \hbox (167.88277pt too wide) in paragraph at lines 776--776
[]|\OT1/cmr/m/n/9 Solo
 []


Overfull \hbox (175.84799pt too wide) in paragraph at lines 776--776
\OT1/cmr/m/n/9 Top10| 
 []

<./images/only_pdf.png, id=437, 572.89032pt x 633.11531pt>
File: ./images/only_pdf.png Graphic file (type png)
<use ./images/only_pdf.png>
Package pdftex.def Info: ./images/only_pdf.png  used on input line 781.
(pdftex.def)             Requested size: 160.40819pt x 177.27107pt.
<./images/onlytxt.png, id=438, 618.05907pt x 594.72188pt>
File: ./images/onlytxt.png Graphic file (type png)
<use ./images/onlytxt.png>
Package pdftex.def Info: ./images/onlytxt.png  used on input line 786.
(pdftex.def)             Requested size: 173.05536pt x 166.52098pt.
[17 <./images/ui_tex_search.png (PNG copy)> <./images/ui_uploadsearch.png (PNG copy)> <./images/ui_notfouund.png (PNG copy)>] [18 <./images/ui_search_result.png (PNG copy)> <./images/ui_tex_download.png (PNG copy)> <./images/file_downloaded.png (PNG copy)> <./images/top_10_sear.png (PNG copy)> <./images/top_10.png (PNG copy)> <./images/top10_2.png (PNG copy)>] [19 <./images/only_pdf.png (PNG copy)> <./images/onlytxt.png (PNG copy)>]
Underfull \hbox (badness 10000) in paragraph at lines 792--795

 []


Underfull \hbox (badness 10000) in paragraph at lines 796--798

 []


Underfull \hbox (badness 10000) in paragraph at lines 796--798

 []


Underfull \hbox (badness 10000) in paragraph at lines 799--803

 []


Overfull \hbox (12.5715pt too wide) in paragraph at lines 804--810
\OT1/cmr/m/n/10 Las me-di-das de eval-u-aci^^Son que se em-plearon fueron la pre-cisi^^Son, el re-co-brado(recall),
 []


Underfull \hbox (badness 10000) in paragraph at lines 804--810

 []

<./images/umbrarl_ma0.png, id=458, 529.22719pt x 149.8097pt>
File: ./images/umbrarl_ma0.png Graphic file (type png)
<use ./images/umbrarl_ma0.png>
Package pdftex.def Info: ./images/umbrarl_ma0.png  used on input line 812.
(pdftex.def)             Requested size: 370.4565pt x 104.86606pt.

Overfull \hbox (69.42558pt too wide) in paragraph at lines 813--813
[][]\OT1/cmr/bx/n/9 .
 []


Overfull \hbox (34.33296pt too wide) in paragraph at lines 813--813
[]|| 
 []

[20

 <./images/umbrarl_ma0.png (PNG copy)>] [21

]
Underfull \hbox (badness 10000) in paragraph at lines 849--851
[]\OT1/cmr/m/n/9 Unknown Au-thor. Doc-u-mentaci^^Son de Stream-lit.Streamlit.[][]$\OT1/cmtt/m/n/9 https : / / docs .
 []

Package atveryend Info: Empty hook `BeforeClearDocument' on input line 859.
[22

pdfTeX warning (ext4): destination with the same identifier (name{cite.2rab}) has been already used, duplicate ignored

\AtBegShi@Output ...ipout \box \AtBeginShipoutBox 
                                                  \fi \fi 
l.859 \end{document}
                    ]
Package atveryend Info: Empty hook `AfterLastShipout' on input line 859.
 (/home/dquesada/Documents/Proyectos/Proyecto Final SRI/InformedeEntrega/InformePFSRI/seminario.aux)
Package atveryend Info: Executing hook `AtVeryEndDocument' on input line 859.
Package atveryend Info: Executing hook `AtEndAfterFileList' on input line 859.
Package rerunfilecheck Info: File `seminario.out' has not changed.
(rerunfilecheck)             Checksum: D18EC753A3B492A8C381E66D46BA61DE;1540.


LaTeX Warning: There were multiply-defined labels.

Package atveryend Info: Empty hook `AtVeryVeryEnd' on input line 859.
 ) 
Here is how much of TeX's memory you used:
 10073 strings out of 481239
 143963 string characters out of 5920378
 710799 words of memory out of 5000000
 24861 multiletter control sequences out of 15000+600000
 539815 words of font info for 54 fonts, out of 8000000 for 9000
 1141 hyphenation exceptions out of 8191
 34i,7n,50p,524b,2013s stack positions out of 5000i,500n,10000p,200000b,80000s
</usr/share/texlive/texmf-dist/fonts/type1/public/amsfonts/cm/cmbx10.pfb></usr/share/texlive/texmf-dist/fonts/type1/public/amsfonts/cm/cmbx12.pfb></usr/share/texlive/texmf-dist/fonts/type1/public/amsfonts/cm/cmbx9.pfb></usr/share/texlive/texmf-dist/fonts/type1/public/amsfonts/cm/cmex10.pfb></usr/share/texlive/texmf-dist/fonts/type1/public/amsfonts/cmextra/cmex7.pfb></usr/share/texlive/texmf-dist/fonts/type1/public/amsfonts/cm/cmmi10.pfb></usr/share/texlive/texmf-dist/fonts/type1/public/amsfonts/cm/cmmi5.pfb></usr/share/texlive/texmf-dist/fonts/type1/public/amsfonts/cm/cmmi7.pfb></usr/share/texlive/texmf-dist/fonts/type1/public/amsfonts/cm/cmr10.pfb></usr/share/texlive/texmf-dist/fonts/type1/public/amsfonts/cm/cmr5.pfb></usr/share/texlive/texmf-dist/fonts/type1/public/amsfonts/cm/cmr7.pfb></usr/share/texlive/texmf-dist/fonts/type1/public/amsfonts/cm/cmr9.pfb></usr/share/texlive/texmf-dist/fonts/type1/public/amsfonts/cm/cmsltt10.pfb></usr/share/texlive/texmf-dist/fonts/type1/public/amsfonts/cm/cmsy10.pfb></usr/share/texlive/texmf-dist/fonts/type1/public/amsfonts/cm/cmsy7.pfb></usr/share/texlive/texmf-dist/fonts/type1/public/amsfonts/cm/cmti10.pfb></usr/share/texlive/texmf-dist/fonts/type1/public/amsfonts/cm/cmtt9.pfb>
Output written on "/home/dquesada/Documents/Proyectos/Proyecto Final SRI/InformedeEntrega/InformePFSRI/seminario.pdf" (22 pages, 805449 bytes).
PDF statistics:
 599 PDF objects out of 1000 (max. 8388607)
 536 compressed objects within 6 object streams
 297 named destinations out of 1000 (max. 500000)
 209 words of extra memory for PDF output out of 10000 (max. 10000000)

